0 info it worked if it ends with ok
1 verbose cli [ '/usr/local/Cellar/node/7.2.0/bin/node',
1 verbose cli   '/usr/local/bin/npm',
1 verbose cli   'start' ]
2 info using npm@3.10.9
3 info using node@v7.2.0
4 verbose run-script [ 'prestart', 'start', 'poststart' ]
5 info lifecycle pup@~prestart: pup@
6 silly lifecycle pup@~prestart: no script for prestart, continuing
7 info lifecycle pup@~start: pup@
8 verbose lifecycle pup@~start: unsafe-perm in lifecycle true
9 verbose lifecycle pup@~start: PATH: /usr/local/lib/node_modules/npm/bin/node-gyp-bin:/Users/liam.taylor/Projects/vaultoro-test/node_modules/.bin:/usr/local/Cellar/node/7.2.0/bin:/Users/liam.taylor/Projects/python-request/myvenv/bin:/Users/liam.taylor/.rvm/gems/ruby-2.3.1/bin:/Users/liam.taylor/.rvm/gems/ruby-2.3.1@global/bin:/Users/liam.taylor/.rvm/rubies/ruby-2.3.1/bin:/Library/Frameworks/Python.framework/Versions/3.5/bin:/usr/local/bin:/usr/bin:/bin:/usr/sbin:/sbin:/Users/liam.taylor/.rvm/bin
10 verbose lifecycle pup@~start: CWD: /Users/liam.taylor/Projects/vaultoro-test
11 silly lifecycle pup@~start: Args: [ '-c', 'meteor --settings settings-development.json' ]
12 silly lifecycle pup@~start: Returned: code: 1  signal: null
13 info lifecycle pup@~start: Failed to exec start script
14 verbose stack Error: pup@ start: `meteor --settings settings-development.json`
14 verbose stack Exit status 1
14 verbose stack     at EventEmitter.<anonymous> (/usr/local/lib/node_modules/npm/lib/utils/lifecycle.js:255:16)
14 verbose stack     at emitTwo (events.js:106:13)
14 verbose stack     at EventEmitter.emit (events.js:191:7)
14 verbose stack     at ChildProcess.<anonymous> (/usr/local/lib/node_modules/npm/lib/utils/spawn.js:40:14)
14 verbose stack     at emitTwo (events.js:106:13)
14 verbose stack     at ChildProcess.emit (events.js:191:7)
14 verbose stack     at maybeClose (internal/child_process.js:885:16)
14 verbose stack     at Process.ChildProcess._handle.onexit (internal/child_process.js:226:5)
15 verbose pkgid pup@
16 verbose cwd /Users/liam.taylor/Projects/vaultoro-test
17 error Darwin 15.6.0
18 error argv "/usr/local/Cellar/node/7.2.0/bin/node" "/usr/local/bin/npm" "start"
19 error node v7.2.0
20 error npm  v3.10.9
21 error code ELIFECYCLE
22 error pup@ start: `meteor --settings settings-development.json`
22 error Exit status 1
23 error Failed at the pup@ start script 'meteor --settings settings-development.json'.
23 error Make sure you have the latest version of node.js and npm installed.
23 error If you do, this is most likely a problem with the pup package,
23 error not with npm itself.
23 error Tell the author that this fails on your system:
23 error     meteor --settings settings-development.json
23 error You can get information on how to open an issue for this project with:
23 error     npm bugs pup
23 error Or if that isn't available, you can get their info via:
23 error     npm owner ls pup
23 error There is likely additional logging output above.
24 verbose exit [ 1, true ]
